1627896153883	geckodriver	INFO	Listening on 127.0.0.1:59804
1627896315855	geckodriver	INFO	Listening on 127.0.0.1:55838
1627896318896	mozrunner::runner	INFO	Running command: "C:\\Program Files\\Mozilla Firefox\\firefox.exe" "--marionette" "-foreground" "-no-remote" "-profile" "C:\\Users\\deuts\\AppData\\Local\\Temp\\rust_mozprofileHXGi8k"
1627896319186	Marionette	INFO	Marionette enabled
console.warn: SearchSettings: "get: No settings file exists, new profile?" (new NotFoundError("Could not open the file at C:\\Users\\deuts\\AppData\\Local\\Temp\\rust_mozprofileHXGi8k\\search.json.mozlz4", (void 0)))
1627896321151	Marionette	INFO	Listening on port 55847
1627896321593	Marionette	WARN	TLS certificate errors will be ignored for this session
JavaScript error: resource:///actors/FormValidationChild.jsm, line 177: TypeError: this._element is null
JavaScript error: resource://gre/actors/AutoCompleteChild.jsm, line 125: Error: Invalid autocomplete selectedIndex
1627896322899	Marionette	INFO	Stopped listening on port 55847

###!!! [Child][RunMessage] Error: Channel closing: too late to send/recv, messages will be lost

1627896340688	geckodriver	INFO	Listening on 127.0.0.1:54497
1627896343711	mozrunner::runner	INFO	Running command: "C:\\Program Files\\Mozilla Firefox\\firefox.exe" "--marionette" "-foreground" "-no-remote" "-profile" "C:\\Users\\deuts\\AppData\\Local\\Temp\\rust_mozprofilebBzyIw"
1627896344045	Marionette	INFO	Marionette enabled
console.warn: SearchSettings: "get: No settings file exists, new profile?" (new NotFoundError("Could not open the file at C:\\Users\\deuts\\AppData\\Local\\Temp\\rust_mozprofilebBzyIw\\search.json.mozlz4", (void 0)))
1627896345928	Marionette	INFO	Listening on port 54507
1627896346393	Marionette	WARN	TLS certificate errors will be ignored for this session
JavaScript error: resource:///actors/FormValidationChild.jsm, line 177: TypeError: this._element is null
JavaScript error: resource://gre/actors/AutoCompleteChild.jsm, line 125: Error: Invalid autocomplete selectedIndex
JavaScript error: resource:///actors/FormValidationChild.jsm, line 177: TypeError: this._element is null
JavaScript error: https://vk.com/al_im.php?__query=im&_full_page=true&_ref=left_nav&_rndVer=35550&al=-1&al_id=497677293, line 12: TypeError: parent is null
[Parent 15620, IPC I/O Parent] WARNING: pipe error: 232: file /builds/worker/checkouts/gecko/ipc/chromium/src/chrome/common/ipc_channel_win.cc:544
JavaScript error: resource://devtools/client/fronts/inspector.js, line 228: TypeError: grip is undefined
JavaScript error: resource://devtools/client/fronts/inspector.js, line 228: TypeError: grip is undefined
console.error: services.settings: 
  main/doh-providers Signature failed  InvalidSignatureError: Invalid content signature (main/doh-providers)
console.error: services.settings: 
  main/doh-providers local data was corrupted
console.warn: services.settings: main/doh-providers Signature verified failed. Retry from scratch
console.error: services.settings: 
  main/doh-config Signature failed  InvalidSignatureError: Invalid content signature (main/doh-config)
console.error: services.settings: 
  main/doh-config local data was corrupted
console.warn: services.settings: main/doh-config Signature verified failed. Retry from scratch
console.log: WebExtensions: reset-default-search: starting.
console.log: WebExtensions: reset-default-search: No addons in our list are installed.
1627897262210	Marionette	INFO	Stopped listening on port 54507
sages will be lost


###!!! [Parent][RunMessage] Error: Channel closing: too late to send/recv, messages will be lost


###!!! [Parent][RunMessage] Error: Channel closing: too late to send/recv, messages will be lost

console.error: services.settings: 
  main/doh-providers Signature failed  InvalidSignatureError: Invalid content signature (main/doh-providers)
console.error: services.settings: 
  main/doh-providers local data was corrupted
console.warn: services.settings: main/doh-providers Signature verified failed. Retry from scratch
console.error: services.settings: 
  main/doh-config Signature failed  InvalidSignatureError: Invalid content signature (main/doh-config)
console.error: services.settings: 
  main/doh-config local data was corrupted
console.warn: services.settings: main/doh-config Signature verified failed. Retry from scratch
console.log: WebExtensions: reset-default-search: starting.
console.log: WebExtensions: reset-default-search: No addons in our list1627897260374	Mar1627897261442	Marionette	INFO	Stopped listening on port 52631

###!!! [Child][RunMessage] Error: Channel closing: too late to send/recv, messages will be lost

foreground" "-no-remote" "-profile" "C:\\Users\\deuts\\AppData\\Local\\Temp\\rust_mozprofileZLYoNY"
1627896934043	Marionette	INFO	Marionette enabled
console.warn: SearchSettings: "get: No settings file exists, new profile?" (new NotFoundError("Could not open the file at C:\\Users\\deuts\\AppData\\Local\\Temp\\rust_mozprofileZLYoNY\\search.json.mozlz4", (void 0)))
1627896936101	Marionette	INFO	Listening on port 55950
1627896936441	Marionette	WARN	TLS certificate errors will be ignored for this session
JavaScript error: https://vk.com/al_im.php?__query=im&_full_page=true&_ref=left_nav&_rndVer=15460&al=-1&al_id=497677293, line 12: TypeError: parent is null
JavaScript error: https://vk.com/al_feed.php?__query=feed&_full_page=true&_ref=im&_rndVer=71475&al=-1&al_id=497677293, line 12: TypeError: parent is null

###!!! [Parent][RunMessage] Error: Channel closing: too late to send/recv, messages will be lost


###!!! [Parent][RunMessage] Error: Channel closing: too late to send/recv, messages will be lost


###!!! [Parent][RunMessage] Error: Channel closing: too late to send/recv, messages will be lost

1627897257408	Marionette	INFO	Stopped listening on port 55950

###!!! [Child][RunMessage] Error: Channel closing: too late to send/recv, messages will be lost

"--marionette" "-foreground" "-no-remote" "-profile" "C:\\Users\\deuts\\AppData\\Local\\Temp\\rust_mozprofilemIXB2q"
1627897157438	Marionette	INFO	Marionette enabled
console.warn: SearchSettings: "get: No settings file exists, new profile?" (new NotFoundError("Could not open the file at C:\\Users\\deuts\\AppData\\Local\\Temp\\rust_mozprofilemIXB2q\\search.json.mozlz4", (void 0)))
1627897159285	Marionette	INFO	Listening on port 50989
1627897159333	Marionette	WARN	TLS certificate errors will be ignored for this session
JavaScript error: https://vk.com/al_im.php?__query=im&_full_page=true&_ref=left_nav&_rndVer=82528&al=-1&al_id=497677293, line 12: TypeError: parent is null
console.error: (new TypeError("container.node.targetFront is null", "resource://devtools/client/inspector/markup/markup.js", 2309))
console.error: "Error while calling actor 'layout's method 'getGrids'" "node is null"
console.error: (new TypeError("node is null", "resource://devtools/server/actors/layout.js", 502))
JavaScript error: https://vk.com/al_feed.php?__query=feed&_full_page=true&_ref=im&_rndVer=11509&al=-1&al_id=497677293, line 12: TypeError: parent is null
JavaScript error: https://vk.com/al_im.php?__query=im&_full_page=true&_ref=left_nav&_rndVer=56424&al=-1&al_id=497677293, line 12: TypeError: parent is null
JavaScript error: https://vk.com/al_feed.php?__query=feed&_full_page=true&_ref=im&_rndVer=66608&al=-1&al_id=497677293, line 12: TypeError: parent is null
1627897254647	Marionette	INFO	Stopped listening on port 50989

###!!! [Child][RunMessage] Error: Channel closing: too late to send/recv, messages will be lost

1627897271543	geckodriver	INFO	Listening on 127.0.0.1:64793
1627897274564	mozrunner::runner	INFO	Running command: "C:\\Program Files\\Mozilla Firefox\\firefox.exe" "--marionette" "-foreground" "-no-remote" "-profile" "C:\\Users\\deuts\\AppData\\Local\\Temp\\rust_mozprofileM2OJ1h"
1627897274833	Marionette	INFO	Marionette enabled
console.warn: SearchSettings: "get: No settings file exists, new profile?" (new NotFoundError("Could not open the file at C:\\Users\\deuts\\AppData\\Local\\Temp\\rust_mozprofileM2OJ1h\\search.json.mozlz4", (void 0)))
1627897276661	Marionette	INFO	Listening on port 64802
1627897276739	Marionette	WARN	TLS certificate errors will be ignored for this session

###!!! [Parent][RunMessage] Error: Channel closing: too late to send/recv, messages will be lost


###!!! [Parent][RunMessage] Error: Channel closing: too late to send/recv, messages will be lost

JavaScript error: https://vk.com/al_im.php?__query=im&_full_page=true&_ref=left_nav&_rndVer=22090&al=-1&al_id=497677293, line 12: TypeError: parent is null
JavaScript error: https://vk.com/al_feed.php?__query=feed&_full_page=true&_ref=im&_rndVer=84261&al=-1&al_id=497677293, line 12: TypeError: parent is null
console.error: services.settings: 
  main/doh-providers Signature failed  InvalidSignatureError: Invalid content signature (main/doh-providers)
console.error: services.settings: 
  main/doh-providers local data was corrupted
console.warn: services.settings: main/doh-providers Signature verified failed. Retry from scratch
console.error: services.settings: 
  main/doh-config Signature failed  InvalidSignatureError: Invalid content signature (main/doh-config)
console.error: services.settings: 
  main/doh-config local data was corrupted
console.warn: services.settings: main/doh-config Signature verified failed. Retry from scratch
console.log: WebExtensions: reset-default-search: starting.
console.log: WebExtensions: reset-default-search: No addons in our list are installed.
1627898392179	Marionette	INFO	Stopped listening on port 64802

###!!! [Child][RunMessage] Error: Channel closing: too late to send/recv, messages will be lost

ture failed  InvalidSignatureError: Invalid content signature (main/doh-providers)
console.error: services.settings: 
  main/doh-providers local data was corrupted
console.warn: services.settings: main/doh-providers Signature verified failed. Retry from scratch
console.error: services.settings: 
  main/doh-config Signature failed  InvalidSignatureError: Invalid content signature (main/doh-config)
console.error: services.settings: 
  main/doh-config local data was corrupted
console.warn: services.settings: main/doh-config Signature verified failed. Retry from scratch
console.log: WebExtensions: reset-default-searcconsole.error: services.settings: 
  main/doh-providers Signature failed  InvalidSignatureError: Inva1627898391283	Marionette	INFO	Stopped listening on port 53735

###!!! [Child][RunMessage] Error: Channel closing: too late to send/recv, messages will be lost

/doh-providers Signature verified failed. Retry from scratch
console.error: services.settings: 
  main/doh-config Signature failed  InvalidSignatureError: Invalid content signature (main/doh-config)
console.error: services.settings: 
  main/doh-config local data was corrupted
console.warn: services.settings: main/doh-config Signature verified failed. Retry from scratch
console.log: WebExtensions: reset-default-search: starting.
console.log: WebExtensions: reset-default-search: No addons in our list are installed.
1627898390468	Marionette	INFO	Stopped listening on port 65013
ile" "C:\\Users\\deuts\\AppData\\Local\\Temp\\rust_mozprofilequbvaY"
1627898021939	Marionette	INFO	Marionette enabled
console.warn: SearchSettings: "get: No settings file exists, new profile?" (new NotFoundError("Could not open the file at C:\\Users\\deuts\\AppData\\Local\\Temp\\rust_mozprofilequbvaY\\search.json.mozlz4", (void 0)))
1627898023986	Marionette	INFO	Listening on port 54241
1627898024348	Marionette	WARN	TLS certificate errors will be ignored for this session

###!!! [Parent][RunMessage] Error: Channel closing: too late to send/recv, messages will be lost


###!!! [Parent][RunMessage] Error: Channel closing: too late to send/recv, messages will be lost

1627898389385	Marionette	INFO	Stopped listening on port 54241

###!!! [Child][RunMessage] Error: Channel closing: too late to send/recv, messages will be lost

"--marionette" "-foreground" "-no-remote" "-profile" "C:\\Users\\deuts\\AppData\\Local\\Temp\\rust_mozprofileK1BXhH"
1627898077251	Marionette	INFO	Marionette enabled
console.warn: SearchSettings: "get: No settings file exists, new profile?" (new NotFoundError("Could not open the file at C:\\Users\\deuts\\AppData\\Local\\Temp\\rust_mozprofileK1BXhH\\search.json.mozlz4", (void 0)))
1627898079258	Marionette	INFO	Listening on port 62673
1627898079651	Marionette	WARN	TLS certificate errors will be ignored for this session
[Parent 5536, IPC I/O Parent] WARNING: pipe error: 232: file /builds/worker/checkouts/gecko/ipc/chromium/src/chrome/common/ipc_channel_win.cc:544
1627898386903	Marionette	INFO	Stopped listening on port 62673

###!!! [Child][RunMessage] Error: Channel closing: too late to send/recv, messages will be lost

"--marionette" "-foreground" "-no-remote" "-profile" "C:\\Users\\deuts\\AppData\\Local\\Temp\\rust_mozprofileauPrlM"
1627898198263	Marionette	INFO	Marionette enabled
console.warn: SearchSettings: "get: No settings file exists, new profile?" (new NotFoundError("Could not open the file at C:\\Users\\deuts\\AppData\\Local\\Temp\\rust_mozprofileauPrlM\\search.json.mozlz4", (void 0)))
1627898200296	Marionette	INFO	Listening on port 53057
1627898200651	Marionette	WARN	TLS certificate errors will be ignored for this session
1627898384231	Marionette	INFO	Stopped listening on port 53057

###!!! [Child][RunMessage] Error: Channel closing: too late to send/recv, messages will be lost

"--marionette" "-foreground" "-no-remote" "-profile" "C:\\Users\\deuts\\AppData\\Local\\Temp\\rust_mozprofileyY8an8"
1627898303784	Marionette	INFO	Marionette enabled
console.warn: SearchSettings: "get: No settings file exists, new profile?" (new NotFoundError("Could not open the file at C:\\Users\\deuts\\AppData\\Local\\Temp\\rust_mozprofileyY8an8\\search.json.mozlz4", (void 0)))
1627898305777	Marionette	INFO	Listening on port 55089
1627898306168	Marionette	WARN	TLS certificate errors will be ignored for this session
[Parent 9136, IPC I/O Parent] WARNING: pipe error: 232: file /builds/worker/checkouts/gecko/ipc/chromium/src/chrome/common/ipc_channel_win.cc:544
1627898383214	Marionette	INFO	Stopped listening on port 55089

###!!! [Child][RunMessage] Error: Channel closing: too late to send/recv, messages will be lost

1627898442502	geckodriver	INFO	Listening on 127.0.0.1:54934
1627898445538	mozrunner::runner	INFO	Running command: "C:\\Program Files\\Mozilla Firefox\\firefox.exe" "--marionette" "-foreground" "-no-remote" "-profile" "C:\\Users\\deuts\\AppData\\Local\\Temp\\rust_mozprofileWKODyd"
1627898445839	Marionette	INFO	Marionette enabled
console.warn: SearchSettings: "get: No settings file exists, new profile?" (new NotFoundError("Could not open the file at C:\\Users\\deuts\\AppData\\Local\\Temp\\rust_mozprofileWKODyd\\search.json.mozlz4", (void 0)))
1627898447748	Marionette	INFO	Listening on port 61460
1627898448215	Marionette	WARN	TLS certificate errors will be ignored for this session
[Parent 17580, IPC I/O Parent] WARNING: pipe error: 232: file /builds/worker/checkouts/gecko/ipc/chromium/src/chrome/common/ipc_channel_win.cc:544
console.error: services.settings: 
  main/doh-providers Signature failed  InvalidSignatureError: Invalid content signature (main/doh-providers)
console.error: services.settings: 
  main/doh-providers local data was corrupted
console.warn: services.settings: main/doh-providers Signature verified failed. Retry from scratch
console.error: services.settings: 
  main/doh-config Signature failed  InvalidSignatureError: Invalid content signature (main/doh-config)
console.error: services.settings: 
  main/doh-config local data was corrupted
console.warn: services.settings: main/doh-config Signature verified failed. Retry from scratch
[Parent 17580, IPC I/O Parent] WARNING: file /builds/worker/checkouts/gecko/ipc/chromium/src/base/process_util_win.cc:167
1627898911545	Marionette	INFO	Stopped listening on port 61460

###!!! [Child][RunMessage] Error: Channel closing: too late to send/recv, messages will be lost

5_ebe6d9f1%2C5_2ebdd5d0%2C5_0da172be&al=-1&al_ad=1&part=1&section=search, line 12: TypeError: parent is null
1627898784359	Marionette	INFO	Stopped listening on port 57632

###!!! [Child][RunMessage] Error: Channel closing: too late to send/recv, messages will be lost

\\search.json.mozlz4", (void 0)))
1627898759942	Marionette	INFO	Listening on port 57797
1627898760321	Marionette	WARN	TLS certificate errors will be ignored for this session
console.error: services.settings: 
  main/doh-providers Signature failed  InvalidSignatureError: Invalid content signature (main/doh-providers)
console.error: services.settings: 
  main/doh-providers local data was corrupted
console.warn: services.settings: main/doh-providers Signature verified failed. Retry from scratch
console.error: services.settings: 
  main/doh-config Signature failed  InvalidSignatureError: Invalid content signature (main/doh-config)
console.error: services.settings: 
  main/doh-config local data was corrupted
console.warn: services.settings: main/doh-config Signature verified failed. Retry from scratch
[Parent 30740, IPC I/O Parent] WARNING: file /builds/worker/checkouts/gecko/ipc/chromium/src/base/process_util_win.cc:167
1627899221473	Marionette	INFO	Stopped listening on port 57797

###!!! [Child][RunMessage] Error: Channel closing: too late to send/recv, messages will be lost

ata\\Local\\Temp\\rust_mozprofileU3m5cS"
1627898844348	Marionette	INFO	Marionette enabled
console.warn: SearchSettings: "get: No settings file exists, new profile?" (new NotFoundError("Could not open the file at C:\\Users\\deuts\\AppData\\Local\\Temp\\rust_mozprofileU3m5cS\\search.json.mozlz4", (void 0)))
1627898846307	Marionette	INFO	Listening on port 58097
1627898846756	Marionette	WARN	TLS certificate errors will be ignored for this session

###!!! [Parent][MessageChannel] Error: (msgtype=0x670008,name=PMessagePort::Msg___delete__) Channel closing: too late to send/recv, messages will be lost


###!!! [Parent][RunMessage] Error: Channel closing: too late to send/recv, messages will be lost

1627899220754	Marionette	INFO	Stopped listening on port 58097

###!!! [Child][RunMessage] Error: Channel closing: too late to send/recv, messages will be lost

"--marionette" "-foreground" "-no-remote" "-profile" "C:\\Users\\deuts\\AppData\\Local\\Temp\\rust_mozprofileeZz2JL"
1627898911522	Marionette	INFO	Marionette enabled
console.warn: SearchSettings: "get: No settings file exists, new profile?" (new NotFoundError("Could not open the file at C:\\Users\\deuts\\AppData\\Local\\Temp\\rust_mozprofileeZz2JL\\search.json.mozlz4", (void 0)))
1627898913400	Marionette	INFO	Listening on port 56801
1627898913855	Marionette	WARN	TLS certificate errors will be ignored for this session
[Child 30492, MediaDecoderStateMachine #1] WARNING: 1c414b7c660 Could not set cubeb stream name.: file /builds/worker/checkouts/gecko/dom/media/AudioStream.cpp:367
JavaScript error: resource://devtools/client/fronts/inspector.js, line 228: TypeError: grip is undefined
JavaScript error: resource://devtools/client/fronts/inspector.js, line 228: TypeError: grip is undefined
[Child 30492, MediaDecoderStateMachine #1] WARNING: 1c40c7df820 Could not set cubeb stream name.: file /builds/worker/checkouts/gecko/dom/media/AudioStream.cpp:367
[Parent 29200, IPC I/O Parent] WARNING: pipe error: 232: file /builds/worker/checkouts/gecko/ipc/chromium/src/chrome/common/ipc_channel_win.cc:544
1627899220189	Marionette	INFO	Stopped listening on port 56801

###!!! [Child][RunMessage] Error: Channel closing: too late to send/recv, messages will be lost

"--marionette" "-foreground" "-no-remote" "-profile" "C:\\Users\\deuts\\AppData\\Local\\Temp\\rust_mozprofileSLaQ6P"
1627898991572	Marionette	INFO	Marionette enabled
console.warn: SearchSettings: "get: No settings file exists, new profile?" (new NotFoundError("Could not open the file at C:\\Users\\deuts\\AppData\\Local\\Temp\\rust_mozprofileSLaQ6P\\search.json.mozlz4", (void 0)))
1627898993600	Marionette	INFO	Listening on port 57028
1627898993967	Marionette	WARN	TLS certificate errors will be ignored for this session
1627899219463	Marionette	INFO	Stopped listening on port 57028

###!!! [Child][RunMessage] Error: Channel closing: too late to send/recv, messages will be lost

"--marionette" "-foreground" "-no-remote" "-profile" "C:\\Users\\deuts\\AppData\\Local\\Temp\\rust_mozprofileGQBAX6"
1627899071285	Marionette	INFO	Marionette enabled
console.warn: SearchSettings: "get: No settings file exists, new profile?" (new NotFoundError("Could not open the file at C:\\Users\\deuts\\AppData\\Local\\Temp\\rust_mozprofileGQBAX6\\search.json.mozlz4", (void 0)))
1627899073298	Marionette	INFO	Listening on port 60107
1627899073701	Marionette	WARN	TLS certificate errors will be ignored for this session
1627899218514	Marionette	INFO	Stopped listening on port 60107
7899130388	mozrunner::runner	INFO	Running command: "C:\\Program Files\\Mozilla Firefox\\firefox.exe" "--marionette" "-foreground" "-no-remote" "-profile" "C:\\Users\\deuts\\AppData\\Local\\Temp\\rust_mozprofilexKLz1j"
1627899130667	Marionette	INFO	Marionette enabled
console.warn: SearchSettings: "get: No settings file exists, new profile?" (new NotFoundError("Could not open the file at C:\\Users\\deuts\\AppData\\Local\\Temp\\rust_mozprofilexKLz1j\\search.json.mozlz4", (void 0)))
1627899132712	Marionette	INFO	Listening on port 60278
1627899133054	Marionette	WARN	TLS certificate errors will be ignored for this session
console.error: services.settings: 
  main/doh-providers Signature failed  InvalidSignatureError: Invalid content signature (main/doh-providers)
console.error: services.settings: 
  main/doh-providers local data was corrupted
console.warn: services.settings: main/doh-providers Signature verified failed. Retry from scratch
console.error: services.settings: 
  main/doh-config Signature failed  InvalidSignatureError: Invalid content signature (main/doh-config)
console.error: services.settings: 
  main/doh-config local data was corrupted
console.warn: services.settings: main/doh-config Signature verified failed. Retry from scratch
console.log: WebExtensions: reset-default-search: starting.
console.log: WebExtensions: reset-default-search: No addons in our list are installed.
[Parent 8144, IPC I/O Parent] WARNING: file /builds/worker/checkouts/gecko/ipc/chromium/src/base/process_util_win.cc:167
1627901085502	Marionette	INFO	Stopped listening on port 60278

###!!! [Child][RunMessage] Error: Channel closing: too late to send/recv, messages will be lost

ture verified failed. Retry from scratch
console.error: services.settings: 
  main/doh-config Signature failed  InvalidSignatureError: Invalid content signature (main/doh-config)
console.error: services.settings: 
  main/doh-config local data was corrupted
console.warn: services.settings: main/doh-config Signature verified failed. Retry from scratch
console.log: WebExtensions: reset-default-search: starting.
console.log: WebExtensions: reset-default-search: No addons in our list are installed.
JavaScript error: , line 0: NS_ERROR_NOT_AVAILABLE
1627901085359	Marionette	INFO	Stopped listening on port 55977

###!!! [Child][RunMessage] Error: Channel closing: too late to send/recv, messages will be lost

s corrupted
console.warn: services.settings: main/doh-providers Signature verified failed. Retry from scratch
console.error: services.settings: 
  main/doh-config Signature failed  InvalidSignatureError: Invalid content signature (main/doh-config)
console.error: services.settings: 
  main/doh-config local data was corrupted
console.warn: services.settings: main/doh-config Signature verified failed. Retry from scratch
console.log: WebExtensions: reset-default-search: starting.
console.log: WebExtensions: reset-default-search: No addons in our list are installed.
1627901085218	Marionette	INFO	Stopped listening on port 56123

###!!! [Child][RunMessage] Error: Channel closing: too late to send/recv, messages will be lost

ntent signature (main/doh-providers)
console.error: services.settings: 
  main/doh-providers local data was corrupted
console.warn: services.settings: main/doh-providers Signature verified failed. Retry from scratch
console.error: services.settings: 
  main/doh-config Signature failed  InvalidSignatureError: Invalid content signature (main/doh-config)
console.error: services.settings: 
  main/doh-config local data was corrupted
console.warn: services.settings: main/doh-config Signature verified failed. Retry from scratch
console.log: WebExtensions: reset-default-search: starting.
console.log: WebExtensions: reset-default-search: No addons in our list are installed.
[Parent 28804, IPC I/O Parent] WARNING: file /builds/worker/checkouts/gecko/ipc/chromium/src/base/process_util_win.cc:167
1627901084871	Marionette	INFO	Stopped listening on port 56317

###!!! [Child][RunMessage] Error: Channel closing: too late to send/recv, messages will be lost

doh-providers)
console.error: services.settings: 
  main/doh-providers local data was corrupted
console.warn: services.settings: main/doh-providers Signature verified failed. Retry from scratch
console.error: services.settings: 
  main/doh-config Signature failed  InvalidSignatureError: Invalid content signature (main/doh-config)
console.error: services.settings: 
  main/doh-config local data was corrupted
console.warn: services.settings: main/doh-config Signature verified failed. Retry from scratch
console.log: WebExtensions: reset-default-search: starting.
console.log: WebExtensions: reset-default-search: No addons in our list are installed.
1627901081649	Marionette	INFO	Stopped listening on port 55546
to send/recv, messages will be lost

console.error: services.settings: 
  main/doh-providers Signature failed  InvalidSignatureError: Invalid content signature (main/doh-providers)
console.error: services.settings: 
  main/doh-providers local data was corrupted
console.warn: services.settings: main/doh-providers Signature verified failed. Retry from scratch
console.error: services.settings: 
  main/doh-config Signature failed  InvalidSignatureError: Invalid content signature (main/doh-config)
console.error: services.settings: 
  main/doh-config local data was corrupted
console.warn: services.settings: main/doh-config Signature verified failed. Retry from scratch
console.log: WebExtensions: reset-default-search: starting.
console.log: WebExtensions: reset-default-search: No addons in our list are installed.
1627902562955	Marionette	INFO	Stopped listening on port 55716
ices.settings: 
  main/doh-providers local data was corrupted
console.warn: services.settings: main/doh-providers Signature verified failed. Retry from scratch
console.error: services.settings: 
  main/doh-config Signature failed  InvalidSignatureError: Invalid content signature (main/doh-config)
console.error: services.settings: 
  main/doh-config local data was corrupted
console.warn: services.settings: main/doh-config Signature verified failed. Retry from scratch
console.log: WebExtensions: reset-default-search: starting.
console.log: WebExtensions: reset-default-search: No addons in our list are installed.
1627901084607	Marionette	INFO	Stopped listening on port 55873

###!!! [Child][RunMessage] Error: Channel closing: too late to send/recv, messages will be lost

ture failed  InvalidSignatureError: Invalid content signature (main/doh-providers)
console.error: services.settings: 
  main/doh-providers local data was corrupted
console.warn: services.settings: main/doh-providers Signature verified failed. Retry from scratch
console.error: services.settings: 
  main/doh-config Signature failed  InvalidSignatureError: Invalid content signature (main/doh-config)
console.error: services.settings: 
  main/doh-config local data was corrupted
console.warn: services.settings: main/doh-config Signature verified failed. Retry from scratch
console.log: WebExtensions: reset-default-search: starting.
console.log: WebExtensions: reset-default-search: No addons in our list are installed.
1627901084378	Marionette	INFO	Stopped listening on port 56055

###!!! [Child][RunMessage] Error: Channel closing: too late to send/recv, messages will be lost

rvices.settings: 
  main/doh-providers local data was corrupted
console.warn: services.settings: main/doh-providers Signature verified failed. Retry from scratch
console.error: services.settings: 
  main/doh-config Signature failed  InvalidSignatureError: Invalid content signature (main/doh-config)
console.error: services.settings: 
  main/doh-config local data was corrupted
console.warn: services.settings: main/doh-config Signature verified failed. Retry from scratch
console.log: WebExtensions: reset-default-searcconsole.error: services.settings: 
  main/doh-providers Signature failed  InvalidSignatureError: Inva1627901084078	Marionette	INFO	Stopped listening on port 56246
ices.settings: 
  main/doh-providers local data was corrupted
console.warn: services.settings: main/doh-providers Signature verified failed. Retry from scratch
console.error: services.settings: 
  main/doh-config Signature failed  InvalidSignatureError: Invalid content signature (main/doh-config)
console.error: services.settings: 
  main/doh-config local data was corrupted
console.warn: services.settings: main/doh-config Signature verified failed. Retry from scratch
console.log: WebExtensions: reset-default-search: starting.
console.log: WebExtensions: reset-default-search: No addons in our list are installed.
JavaScript error: , line 0: NS_ERROR_NOT_AVAILABLE
1627902561117	Marionette	INFO	Stopped listening on port 49773
ent][RunMessage] Error: Channel closing: too late to send/recv, messages will be lost


###!!! [Parent][RunMessage] Error: Channel closing: too late to send/recv, messages will be lost


###!!! [Parent][RunMessage] Error: Channel closing: too late to send/recv, messages will be lost

console.error: services.settings: 
  main/doh-providers Signature failed  InvalidSignatureError: Invalid content signature (main/doh-providers)
console.error: services.settings: 
  main/doh-providers local data was corrupted
console.warn: services.settings: main/doh-providers Signature verified failed. Retry from scratch
console.error: services.settings: 
  main/doh-config Signature failed  InvalidSignatureError: Invalid content signature (main/doh-config)
console.error: services.settings: 
  main/doh-config local data was corrupted
console.warn: services.settings: main/doh-config Signature verified failed. Retry from scratch
console.log: WebExtensions: reset-default-search: starting.
console.log: WebExtensions: reset-default-search: No addons in our list are installed.
1627901083580	Marionette	INFO	Stopped listening on port 63987

###!!! [Child][RunMessage] Error: Channel closing: too late to send/recv, messages will be lost

97677293, line 12: TypeError: parent is null

###!!! [Parent][MessageChannel] Error: (msgtype=0x670008,name=PMessagePort::Msg___delete__) Channel closing: too late to send/recv, messages will be lost

[Parent 19848, IPC I/O Parent] WARNING: pipe error: 232: file /builds/worker/checkouts/gecko/ipc/chromium/src/chrome/common/ipc_channel_win.cc:544
console.error: services.settings: 
  main/doh-providers Signature failed  InvalidSignatureError: Invalid content signature (main/doh-providers)
console.error: services.settings: 
  main/doh-providers local data was corrupted
console.warn: services.settings: main/doh-providers Signature verified failed. Retry from scratch
console.error: services.settings: 
  main/doh-config Signature failed  InvalidSignatureError: Invalid content signature (main/doh-config)
console.error: services.settings: 
  main/doh-config local data was corrupted
console.warn: services.settings: main/doh-config Signature verified failed. Retry from scratch
console.log: WebExtensions: reset-default-search: starting.
console.log: WebExtensions: reset-default-search: No addons in our list are installed.
1627901082844	Marionette	INFO	Stopped listening on port 63693

###!!! [Child][RunMessage] Error: Channel closing: too late to send/recv, messages will be lost

97677293, line 12: TypeError: parent is null

###!!! [Parent][RunMessage] Error: Channel closing: too late to send/recv, messages will be lost

console.error: services.settings: 
  main/doh-providers Signature failed  InvalidSignatureError: Invalid content signature (main/doh-providers)
console.error: services.settings: 
  main/doh-providers local data was corrupted
console.warn: services.settings: main/doh-providers Signature verified failed. Retry from scratch
console.error: services.settings: 
  main/doh-config Signature failed  InvalidSignatureError: Invalid content signature (main/doh-config)
console.error: services.settings: 
  main/doh-config local data was corrupted
console.warn: services.settings: main/doh-config Signature verified failed. Retry from scratch
console.log: WebExtensions: reset-default-search: starting.
console.log: WebExtensions: reset-default-search: No addons in our list are installed.
1627901080016	Marionette	INFO	Stopped listening on port 60921

###!!! [Child][RunMessage] Error: Channel closing: too late to send/recv, messages will be lost

 to send/recv, messages will be lost


###!!! [Parent][RunMessage] Error: Channel closing: too late to send/recv, messages will be lost

console.error: services.settings: 
  main/doh-providers Signature failed  InvalidSignatureError: Invalid content signature (main/doh-providers)
console.error: services.settings: 
  main/doh-providers local data was corrupted
console.warn: services.settings: main/doh-providers Signature verified failed. Retry from scratch
console.error: services.settings: 
  main/doh-config Signature failed  InvalidSignatureError: Invalid content signature (main/doh-config)
console.error: services.settings: 
  main/doh-config local data was corrupted
console.warn: services.settings: main/doh-config Signature verified failed. Retry from scratch
JavaScript error: , line 0: TypeError: NetworkError when attempting to fetch resource.
JavaScript error: , line 0: TypeError: NetworkError when attempting to fetch resource.
JavaScript error: , line 0: TypeError: NetworkError when attempting to fetch resource.
JavaScript error: , line 0: TypeError: NetworkError when attempting to fetch resource.
JavaScript error: , line 0: TypeError: NetworkError when attempting to fetch resource.
JavaScript error: , line 0: TypeError: NetworkError when attempting to fetch resource.
JavaScript error: , line 0: TypeError: NetworkError when attempting to fetch resource.
JavaScript error: , line 0: TypeError: NetworkError when attempting to fetch resource.
JavaScript error: , line 0: TypeError: NetworkError when attempting to fetch resource.
[Parent 38120, IPC I/O Parent] WARNING: file /builds/worker/checkouts/gecko/ipc/chromium/src/base/process_util_win.cc:167
1627901078925	Marionette	INFO	Stopped listening on port 61136

###!!! [Child][RunMessage] Error: Channel closing: too late to send/recv, messages will be lost

ge] Error: Channel closing: too late to send/recv, messages will be lost

[Parent 27852, IPC I/O Parent] WARNING: pipe error: 232: file /builds/worker/checkouts/gecko/ipc/chromium/src/chrome/common/ipc_channel_win.cc:544
1627901077053	Marionette	INFO	Stopped listening on port 53693

###!!! [Child][RunMessage] Error: Channel closing: too late to send/recv, messages will be lost

1627901091249	geckodriver	INFO	Listening on 127.0.0.1:63388
1627901094286	mozrunner::runner	INFO	Running command: "C:\\Program Files\\Mozilla Firefox\\firefox.exe" "--marionette" "-foreground" "-no-remote" "-profile" "C:\\Users\\deuts\\AppData\\Local\\Temp\\rust_mozprofile3tTcRO"
1627901094552	Marionette	INFO	Marionette enabled
console.warn: SearchSettings: "get: No settings file exists, new profile?" (new NotFoundError("Could not open the file at C:\\Users\\deuts\\AppData\\Local\\Temp\\rust_mozprofile3tTcRO\\search.json.mozlz4", (void 0)))
1627901096473	Marionette	INFO	Listening on port 63404
1627901096962	Marionette	WARN	TLS certificate errors will be ignored for this session
JavaScript error: https://vk.com/al_im.php?__query=im&_full_page=true&_ref=left_nav&_rndVer=94815&al=-1&al_id=497677293, line 12: TypeError: parent is null

###!!! [Parent][RunMessage] Error: Channel closing: too la1627901134321	mozrunner::runner	INFO	Running command: "C:\\Program Files\\Mozilla Firefox\\firefox.exe" "--marionette" "-foreground" "-no-remote" "-profile" "C:\\Users\\deuts\\AppData\\Local\\Temp\\rust_mozprofilemsu0qk"
1627901134587	Marionette	1627901204458	Marionette	INFO	Stopped listening on port 63404

###!!! [Child][RunMessage] Error: Channel closing: too late to send/recv, messages will be lost

\AppData\\Local\\Temp\\rust_mozprofilemsu0qk\\search.json.mozlz4", (void 0)))
1627901136681	Marionette	INFO	Listening on port 63584
1627901136995	Marionette	WARN	TLS certificate errors will be ignored for this session
[Child 40548, MediaDecoderStateMachine #1] WARNING: Decoder=20f246bc000 state=DECODING_METADATA Decode metadata failed, shutting down decoder: file /builds/worker/checkouts/gecko/dom/media/MediaDecoderStateMachine.cpp:366
[Child 40548, MediaDecoderStateMachine #1] WARNING: Decoder=20f246bc000 Decode error: NS_ERROR_DOM_MEDIA_METADATA_ERR (0x806e0006): file /builds/worker/checkouts/gecko/dom/media/MediaDecoderStateMachine.cpp:3502
[Child 40548, MediaDecoderStateMachine #1] WARNING: Decoder=20f2466b000 state=DECODING_METADATA Decode metadata failed, shutting down decoder: file /builds/worker/checkouts/gecko/dom/media/MediaDecoderStateMachine.cpp:366
[Child 40548, MediaDecoderStateMachine #1] WARNING: Decoder=20f2466b000 Decode error: NS_ERROR_DOM_MEDIA_METADATA_ERR (0x806e0006): file /builds/worker/checkouts/gecko/dom/media/MediaDecoderStateMachine.cpp:3502
[Child 40548, MediaDecoderStateMachine #1] WARNING: Decoder=20f2466d800 state=DECODING_METADATA Decode metadata failed, shutting down decoder: file /builds/worker/checkouts/gecko/dom/media/MediaDecoderStateMachine.cpp:366
[Child 40548, MediaDecoderStateMachine #1] WARNING: Decoder=20f2466d800 Decode error: NS_ERROR_DOM_MEDIA_METADATA_ERR (0x806e0006): file /builds/worker/checkouts/gecko/dom/media/MediaDecoderStateMachine.cpp:3502
[Child 40548, MediaDecoderStateMachine #1] WARNING: Decoder=20f266a1800 state=DECODING_METADATA Decode metadata failed, shutting down decoder: file /builds/worker/checkouts/gecko/dom/media/MediaDecoderStateMachine.cpp:366
[Child 40548, MediaDecoderStateMachine #1] WARNING: Decoder=20f266a1800 Decode error: NS_ERROR_DOM_MEDIA_METADATA_ERR (0x806e0006): file /builds/worker/checkouts/gecko/dom/media/MediaDecoderStateMachine.cpp:3502
[Child 40548, MediaDecoderStateMachine #1] WARNING: Decoder=20f2702f400 state=DECODING_METADATA Decode metadata failed, shutting down decoder: file /builds/worker/checkouts/gecko/dom/media/MediaDecoderStateMachine.cpp:366
[Child 40548, MediaDecoderStateMachine #1] WARNING: Decoder=20f2702f400 Decode error: NS_ERROR_DOM_MEDIA_METADATA_ERR (0x806e0006): file /builds/worker/checkouts/gecko/dom/media/MediaDecoderStateMachine.cpp:3502
JavaScript error: https://vk.com/al_im.php?__query=im&_full_page=true&_ref=left_nav&_rndVer=3543&al=-1&al_id=497677293, line 12: TypeError: parent is null
[Parent 40456, IPC I/O Parent] WARNING: pipe error: 232: file /builds/worker/checkouts/gecko/ipc/chromium/src/chrome/common/ipc_channel_win.cc:544
[Parent 40456, IPC I/O Parent] WARNING: pipe error: 232: file /builds/worker/checkouts/gecko/ipc/chromium/src/chrome/common/ipc_channel_win.cc:544
JavaScript error: https://vk.com/al_feed.php?__query=feed&_full_page=true&_ref=im&_rndVer=73061&al=-1&al_id=497677293, line 12: TypeError: parent is null
console.error: (new TypeError("parent is null", "resource://devtools/client/inspector/shared/style-change-tracker.js", 67))
TypeError: parent is null: canMutationImpactCurrentStyles@resource://devtools/client/inspector/shared/style-change-tracker.js:67:24
onMutations@resource://devtools/client/inspector/shared/style-change-tracker.js:84:41
_emit@resource://devtools/shared/event-emitter.js:226:34
emit@resource://devtools/shared/event-emitter.js:172:18
emit@resource://devtools/shared/event-emitter.js:324:18
getMutations@resource://devtools/client/fronts/walker.js:311:10

console.error: "Error while calling actor 'pagestyle's method 'getLayout'" "node is null"
console.error: (new TypeError("node is null", "resource://devtools/server/actors/page-style.js", 1001))
console.error: (new Error("Protocol error (TypeError): node is null from: server0.conn0.child4/pagestyle26 (resource://devtools/server/actors/page-style.js:1001:5)", "resource://devtools/shared/protocol/Front.js", 365))
JavaScript error: https://vk.com/al_im.php?__query=im&_full_page=true&_ref=left_nav&_rndVer=7070&al=-1&al_id=497677293, line 12: TypeError: parent is null
console.error: services.settings: 
  main/doh-providers Signature failed  InvalidSignatureError: Invalid content signature (main/doh-providers)
console.error: services.settings: 
  main/doh-providers local data was corrupted
console.warn: services.settings: main/doh-providers Signature verified failed. Retry from scratch
console.error: services.settings: 
  main/doh-config Signature failed  InvalidSignatureError: Invalid content signature (main/doh-config)
console.error: services.settings: 
  main/doh-config local data was corrupted
console.warn: services.settings: main/doh-config Signature verified failed. Retry from scratch
console.log: WebExtensions: reset-default-search: starting.
console.log: WebExtensions: reset-default-search: No addons in our list are installed.
1627902559685	Marionette	INFO	Stopped listening on port 63584

###!!! [Child][RunMessage] Error: Channel closing: too late to send/recv, messages will be lost

/chrome/common/ipc_channel_win.cc:544
console.error: services.settings: 
  main/doh-providers Signature failed  InvalidSignatureError: Invalid content signature (main/doh-providers)
console.error: services.settings: 
  main/doh-providers local data was corrupted
console.warn: services.settings: main/doh-providers Signature verified failed. Retry from scratch
console.error: services.settings: 
  main/doh-config Signature failed  InvalidSignatureError: Invalid content signature (main/doh-config)
console.error: services.settings: 
  main/doh-config local data was corrupted
console.warn: services.settings: main/doh-config Signature verified failed. Retry from scratch
console.log: WebExtensions: reset-default-search: starting.
console.log: WebExtensions: reset-default-search: No addons in our list are installed.
1627902558895	Marionette	INFO	Stopped listening on port 63828

###!!! [Child][RunMessage] Error: Channel closing: too late to send/recv, messages will be lost

too late to send/recv, messages will be lost

console.error: services.settings: 
  main/doh-providers Signature failed  InvalidSignatureError: Invalid content signature (main/doh-providers)
console.error: services.settings: 
  main/doh-providers local data was corrupted
console.warn: services.settings: main/doh-providers Signature verified failed. Retry from scratch
console.error: services.settings: 
  main/doh-config Signature failed  InvalidSignatureError: Invalid content signature (main/doh-config)
console.error: services.settings: 
  main/doh-config local data was corrupted
console.warn: services.settings: main/doh-config Signature verified failed. Retry from scratch
console.log: WebExtensions: reset-default-search: starting.
console.log: WebExtensions: reset-default-search: No addons in our list are installed.
1627902557907	Marionette	INFO	Stopped listening on port 64012

###!!! [Child][RunMessage] Error: Channel closing: too late to send/recv, messages will be lost

ers Signature failed  InvalidSignatureError: Invalid content signature (main/doh-providers)
console.error: services.settings: 
  main/doh-providers local data was corrupted
console.warn: services.settings: main/doh-providers Signature verified failed. Retry from scratch
console.error: services.settings: 
  main/doh-config Signature failed  InvalidSignatureError: Invalid content signature (main/doh-config)
console.error: services.settings: 
  main/doh-config local data was corrupted
console.warn: services.settings: main/doh-config Signature verified failed. Retry from scratch
console.log: WebExtensions: reset-default-search: starting.
console.log: WebExtensions: reset-default-search: No addons in our list are installed.
1627902555640	Marionette	INFO	Stopped listening on port 64193

###!!! [Child][RunMessage] Error: Channel closing: too late to send/recv, messages will be lost

: services.settings: main/doh-providers Signature verified failed. Retry from scratch
console.error: services.settings: 
  main/doh-config Signature failed  InvalidSignatureError: Invalid content signature (main/doh-config)
console.error: services.settings: 
  main/doh-config local data was corrupted
console.warn: services.settings: main/doh-config Signature verified failed. Retry from scratch
console.error: (new TypeError("parent is null", "resource://devtools/client/inspector/shared/style-change-tracker.js", 67))
TypeError: parent is null: canMutationImpactCurrentStyles@resource://devtools/client/inspector/shared/style-change-tracker.js:67:24
onMutations@resource://devtools/client/inspector/shared/style-change-tracker.js:84:41
_emit@resource://devtools/shared/event-emitter.js:226:34
emit@resource://devtools/shared/event-emitter.js:172:18
emit@resource://devtools/shared/event-emitter.js:324:18
getMutations@resource://devtools/client/fronts/walker.js:311:10

console.log: WebExtensions: reset-defauconsole.error: services.settings: 
  main/doh-providers Signature failed  InvalidSignatureError: Invalid cont1627902553067	Marionette	INFO	Stopped listening on port 64381

###!!! [Child][RunMessage] Error: Channel closing: too late to send/recv, messages will be lost

viders Signature verified failed. Retry from scratch
console.error: services.settings: 
  main/doh-config Signature failed  InvalidSignatureError: Invalid content signature (main/doh-config)
console.error: services.settings: 
  main/doh-config local data was corrupted
console.warn: services.settings: main/doh-config Signature verified failed. Retry from scratch
console.log: WebExtensions: reset-default-search: starting.
console.log: WebExtensions: reset-default-search: No addons in our list are installed.
1627902548700	Marionette	INFO	Stopped listening on port 60665

###!!! [Child][RunMessage] Error: Channel closing: too late to send/recv, messages will be lost

/chrome/common/ipc_channel_win.cc:544

###!!! [Parent][RunMessage] Error: Channel closing: too late to send/recv, messages will be lost


###!!! [Parent][RunMessage] Error: Channel closing: too late to send/recv, messages will be lost


###!!! [Parent][RunMessage] Error: Channel closing: too late to send/recv, messages will be lost

console.error: services.settings: 
  main/doh-providers Signature failed  InvalidSignatureError: Invalid content signature (main/doh-providers)
console.error: services.settings: 
  main/doh-providers local data was corrupted
console.warn: services.settings: main/doh-providers Signature verified failed. Retry from scratch
console.error: services.settings: 
  main/doh-config Signature failed  InvalidSignatureError: Invalid content signature (main/doh-config)
console.error: services.settings: 
  main/doh-config local data was corrupted
console.warn: services.settings: main/doh-config Signature verified failed. Retry from scratch
console.log: WebExtensions: reset-default-search: starting.
console.log: WebExtensions: reset-default-search: No addons in our list are installed.
1627902548348	Marionette	INFO	Stopped listening on port 60874

###!!! [Child][RunMessage] Error: Channel closing: too late to send/recv, messages will be lost

tent signature (main/doh-providers)
console.error: services.settings: 
  main/doh-providers local data was corrupted
console.warn: services.settings: main/doh-providers Signature verified failed. Retry from scratch
console.error: services.settings: 
  main/doh-config Signature failed  InvalidSignatureError: Invalid content signature (main/doh-config)
console.error: services.settings: 
  main/doh-config local data was corrupted
console.warn: services.settings: main/doh-config Signature verified failed. Retry from scratch
console.log: WebExtensions: reset-default-search: starting.
console.log: WebExtensions: reset-default-search: No addons in our list are installed.
1627902547735	Marionette	INFO	Stopped listening on port 61065

###!!! [Child][RunMessage] Error: Channel closing: too late to send/recv, messages will be lost

e.error: services.settings: 
  main/doh-providers Signature failed  InvalidSignatureError: Invalid content signature (main/doh-providers)
console.error: services.settings: 
  main/doh-providers local data was corrupted
console.warn: services.settings: main/doh-providers Signature verified failed. Retry from scratch
console.error: services.settings: 
  main/doh-config Signature failed  InvalidSignatureError: Invalid content signature (main/doh-config)
console.error: services.settings: 
  main/doh-config local data was corrupted
console.warn: services.settings: main/doh-config Signature verified failed. Retry from scratch
console.log: WebExtensions: reset-default-search: starting.
console.log: WebExtensions: reset-default-search: No addons in our list are installed.
[Child 41924, IPC I/O Child] WARNING: pipe error: 232: file /builds/worker/checkouts/gecko/ipc/chromium/src/chrome/common/ipc_channel_win.cc:544
1627902547282	Marionette	INFO	Stopped listening on port 61269

###!!! [Child][RunMessage] Error: Channel closing: too late to send/recv, messages will be lost

ture failed  InvalidSignatureError: Invalid content signature (main/doh-providers)
console.error: services.settings: 
  main/doh-providers local data was corrupted
console.warn: services.settings: main/doh-providers Signature verified failed. Retry from scratch
console.error: services.settings: 
  main/doh-config Signature failed  InvalidSignatureError: Invalid content signature (main/doh-config)
console.error: services.settings: 
  main/doh-config local data was corrupted
console.warn: services.settings: main/doh-config Signature verified failed. Retry from scratch
console.log: WebExtensions: reset-default-search: starting.
console.log: WebExtensions: reset-default-search: No addons in our list are installed.
1627902546897	Marionette	INFO	Stopped listening on port 61431

###!!! [Child][RunMessage] Error: Channel closing: too late to send/recv, messages will be lost

ture failed  InvalidSignatureError: Invalid content signature (main/doh-providers)
console.error: services.settings: 
  main/doh-providers local data was corrupted
console.warn: services.settings: main/doh-providers Signature verified failed. Retry from scratch
console.error: services.settings: 
  main/doh-config Signature failed  InvalidSignatureError: Invalid content signature (main/doh-config)
console.error: services.settings: 
  main/doh-config local data was corrupted
console.warn: services.settings: main/doh-config Signature verified failed. Retry from scratch
console.log: WebExtensions: reset-default-search: starting.
console.log: WebExtensions: reset-default-search: No addons in our list are installed.
1627902545944	Marionette	INFO	Stopped listening on port 62654

###!!! [Child][RunMessage] Error: Channel closing: too late to send/recv, messages will be lost

rionette enabled
console.warn: SearchSettings: "get: No settings file exists, new profile?" (new NotFoundError("Could not open the file at C:\\Users\\deuts\\AppData\\Local\\Temp\\rust_mozprofileMv49bZ\\search.json.mozlz4", (void 0)))
1627902303598	Marionette	INFO	Listening on port 58091
1627902303833	Marionette	WARN	TLS certificate errors will be ignored for this session

###!!! [Parent][RunMessage] Error: Channel closing: too late to send/recv, messages will be lost


###!!! [Parent][RunMessage] Error: Channel closing: too late to send/recv, messages will be lost

1627902545146	Marionette	INFO	Stopped listening on port 58091

###!!! [Child][RunMessage] Error: Channel closing: too late to send/recv, messages will be lost

o settings file exists, new profile?" (new NotFoundError("Could not open the file at C:\\Users\\deuts\\AppData\\Local\\Temp\\rust_mozprofileLp2xUD\\search.json.mozlz4", (void 0)))
1627902335044	Marionette	INFO	Listening on port 58242
1627902335373	Marionette	WARN	TLS certificate errors will be ignored for this session
console.error: (new Error("SessionFile is closed", "resource:///modules/sessionstore/SessionFile.jsm", 433))
WARNING: At least one completion condition is taking too long to complete. Conditions: [{"name":"ContentParent: id=28d7b868800","state":{"remoteTypePrefix":"web"},"filename":"/builds/worker/checkouts/gecko/dom/ipc/ContentParent.cpp","lineNumber":3526,"stack":["resource://gre/modules/nsAsyncShutdown.jsm:addBlocker:162","chrome://global/content/elements/browser-custom-element.js:get loadContext:388","chrome://global/content/elements/browser-custom-element.js:construct:1025","chrome://global/content/elements/browser-custom-element.js:connectedCallback:326","chrome://browser/content/tabbrowser.js:_setupInitialBrowserAndTab:414","chrome://browser/content/tabbrowser.js:init:50","chrome://browser/content/browser.js:onDOMContentLoaded:17console.error: services.settings: 
  main/doh-providers Signature failed  InvalidSignatureError: Invalid content signature (main/doh-providers)
console.error: services.settings: 
  main/doh-providers local data was corrupted
console.warn: services.settings: main/doh-providers Signature verified failed. Retry from scratch
console.error: services.settings: 
  main/doh-config Signature failed  InvalidSignatureError: Invalid content signature (main/doh-config)
console.error: services.settings: 
  main/doh-config local data was corrupted
console.warn: services.settings: main/doh-config Signature verified failed. Retry from scratch
console.log: WebExtensions: reset-default-search: starting.
console.log: WebExtensions: reset-default-search: No addons in our list are installed.
1627902948777	Marionette	INFO	Stopped listening on port 58446

###!!! [Child][RunMessage] Error: Channel closing: too late to send/recv, messages will be lost

d 0)))
1627902769314	Marionette	INFO	Listening on port 49842
1627902769741	Marionette	WARN	TLS certificate errors will be ignored for this session
1627902946195	Marionette	INFO	Stopped listening on port 49842
7902942033	mozrunner::runner	INFO	Running command: "C:\\Program Files\\Mozilla Firefox\\firefox.exe" "--marionette" "-foreground" "-no-remote" "-profile" "C:\\Users\\deuts\\AppData\\Local\\Temp\\rust_mozprofilem8YVQn"
1627902942351	Marionette	INFO	Marionette enabled
console.warn: SearchSettings: "get: No settings file exists, new profile?" (new NotFoundError("Could not open the file at C:\\Users\\deuts\\AppData\\Local\\Temp\\rust_mozprofilem8YVQn\\search.json.mozlz4", (void 0)))
1627902944256	Marionette	INFO	Listening on port 52631
1627902944723	Marionette	WARN	TLS certificate errors will be ignored for this session

###!!! [Parent][MessageChannel] Error: (msgtype=0x670008,name=PMessagePort::Msg___delete__) Channel error: cannot send/recv

[Parent 38568, IPC I/O Parent] WARNING: file /builds/worker/checkouts/gecko/ipc/chromium/src/base/process_util_win.cc:167
1627902948831	Marionette	INFO	Stopped listening on port 52631

###!!! [Child][RunMessage] Error: Channel closing: too late to send/recv, messages will be lost

1627902960549	geckodriver	INFO	Listening on 127.0.0.1:62979
1627902963589	mozrunner::runner	INFO	Running command: "C:\\Program Files\\Mozilla Firefox\\firefox.exe" "--marionette" "-foreground" "-no-remote" "-profile" "C:\\Users\\deuts\\AppData\\Local\\Temp\\rust_mozprofilezUv5FW"
1627902963862	Marionette	INFO	Marionette enabled
console.warn: SearchSettings: "get: No settings file exists, new profile?" (new NotFoundError("Could not open the file at C:\\Users\\deuts\\AppData\\Local\\Temp\\rust_mozprofilezUv5FW\\search.json.mozlz4", (void 0)))
1627902965771	Marionette	INFO	Listening on port 62988
1627902966272	Marionette	WARN	TLS certificate errors will be ignored for this session
1627902998727	Marionette	INFO	Stopped listening on port 62988

###!!! [Child][RunMessage] Error: Channel closing: too late to send/recv, messages will be lost

1627903000046	geckodriver	INFO	Listening on 127.0.0.1:63067
1627903003061	mozrunner::runner	INFO	Running command: "C:\\Program Files\\Mozilla Firefox\\firefox.exe" "--marionette" "-foreground" "-no-remote" "-profile" "C:\\Users\\deuts\\AppData\\Local\\Temp\\rust_mozprofilenUddWS"
1627903003368	Marionette	INFO	Marionette enabled
console.warn: SearchSettings: "get: No settings file exists, new profile?" (new NotFoundError("Could not open the file at C:\\Users\\deuts\\AppData\\Local\\Temp\\rust_mozprofilenUddWS\\search.json.mozlz4", (void 0)))
1627903005335	Marionette	INFO	Listening on port 63076
1627903005745	Marionette	WARN	TLS certificate errors will be ignored for this session
[Parent 40324, IPC I/O Parent] WARNING: pipe error: 232: file /builds/worker/checkouts/gecko/ipc/chromium/src/chrome/common/ipc_channel_win.cc:544
JavaScript error: , line 0: NotFoundError: No such JSWindowActor 'MarionetteCommands'
console.error: services.settings: 
  main/doh-providers Signature failed  InvalidSignatureError: Invalid content signature (main/doh-providers)
console.error: services.settings: 
  main/doh-providers local data was corrupted
console.warn: services.settings: main/doh-providers Signature verified failed. Retry from scratch
console.error: services.settings: 
  main/doh-config Signature failed  InvalidSignatureError: Invalid content signature (main/doh-config)
console.error: services.settings: 
  main/doh-config local data was corrupted
console.warn: services.settings: main/doh-config Signature verified failed. Retry from scratch
console.log: WebExtensions: reset-default-search: starting.
console.log: WebExtensions: reset-default-search: No addons in our list are installed.
[Parent 40324, IPC I/O Parent] WARNING: pipe error: 232: file /builds/worker/checkouts/gecko/ipc/chromium/src/chrome/common/ipc_channel_win.cc:544
1627903550016	Marionette	INFO	Stopped listening on port 63076

###!!! [Child][RunMessage] Error: Channel closing: too late to send/recv, messages will be lost

1627913109756	geckodriver	INFO	Listening on 127.0.0.1:55500
1627913112781	mozrunner::runner	INFO	Running command: "C:\\Program Files\\Mozilla Firefox\\firefox.exe" "--marionette" "-foreground" "-no-remote" "-profile" "C:\\Users\\deuts\\AppData\\Local\\Temp\\rust_mozprofileFgXuuG"
1627913113052	Marionette	INFO	Marionette enabled
console.warn: SearchSettings: "get: No settings file exists, new profile?" (new NotFoundError("Could not open the file at C:\\Users\\deuts\\AppData\\Local\\Temp\\rust_mozprofileFgXuuG\\search.json.mozlz4", (void 0)))
1627913115093	Marionette	INFO	Listening on port 55509
1627913115461	Marionette	WARN	TLS certificate errors will be ignored for this session
[Parent 23800, IPC I/O Parent] WARNING: pipe error: 232: file /builds/worker/checkouts/gecko/ipc/chromium/src/chrome/common/ipc_channel_win.cc:544
console.error: services.settings: 
  main/doh-providers Signature failed  InvalidSignatureError: Invalid content signature (main/doh-providers)
console.error: services.settings: 
  main/doh-providers local data was corrupted
console.warn: services.settings: main/doh-providers Signature verified failed. Retry from scratch
console.error: services.settings: 
  main/doh-config Signature failed  InvalidSignatureError: Invalid content signature (main/doh-config)
console.error: services.settings: 
  main/doh-config local data was corrupted
console.warn: services.settings: main/doh-config Signature verified failed. Retry from scratch
1627913533021	Marionette	INFO	Stopped listening on port 55509
][RunMessage] Error: Channel closing: too late to send/recv, messages will be lost


###!!! [Parent][RunMessage] Error: Channel closing: too late to send/recv, messages will be lost


###!!! [Parent][RunMessage] Error: Channel closing: too late to send/recv, messages will be lost

console.error: services.settings: 
  main/doh-providers Signature failed  InvalidSignatureError: Invalid content signature (main/doh-providers)
console.error: services.settings: 
  main/doh-providers local data was corrupted
console.warn: services.settings: main/doh-providers Signature verified failed. Retry from scratch
console.error: services.settings: 
  main/doh-config Signature failed  InvalidSignatureError: Invalid content signature (main/doh-config)
console.error: services.settings: 
  main/doh-config local data was corrupted
console.warn: services.settings: main/doh-config Signature verified failed. Retry from scratch
console.log: WebExtensions: reset-default-search: starting.
console.log: WebExtensions: reset-default-search: No addons in our list are installed.
[Parent 19160, IPC I/O Parent] WARNING: file /builds/worker/checkouts/gecko/ipc/chromium/src/base/process_util_win.cc:167
1627919104508	Marionette	INFO	Stopped listening on port 55685

###!!! [Child][RunMessage] Error: Channel closing: too late to send/recv, messages will be lost

6498821	Marionette	INFO	Marionette enabled
console.warn: SearchSettings: "get: No settings file exists, new profile?" (new NotFoundError("Could not open the file at C:\\Users\\deuts\\AppData\\Local\\Temp\\rust_mozprofileDN2Kyy\\search.json.mozlz4", (void 0)))
1627916500709	Marionette	INFO	Listening on port 54983
1627916501201	Marionette	WARN	TLS certificate errors will be ignored for this session

###!!! [Parent][RunMessage] Error: Channel closing: too late to send/recv, messages will be lost

console.error: services.settings: 
  main/doh-providers Signature failed  InvalidSignatureError: Invalid content signature (main/doh-providers)
console.error: services.settings: 
  main/doh-providers local data was corrupted
console.warn: services.settings: main/doh-providers Signature verified failed. Retry from scratch
console.error: services.settings: 
  main/doh-config Signature failed  InvalidSignatureError: Invalid content signature (main/doh-config)
console.error: services.settings: 
  main/doh-config local data was corrupted
console.warn: services.settings: main/doh-config Signature verified failed. Retry from scratch
console.log: WebExtensions: reset-default-search: starting.
console.log: WebExtensions: reset-default-search: No addons in our list are installed.
JavaScript error: , line 0: NS_ERROR_NOT_AVAILABLE
1627919103257	Marionette	INFO	Stopped listening on port 54983

###!!! [Child][RunMessage] Error: Channel closing: too late to send/recv, messages will be lost

settings: 
  main/doh-providers local data was corrupted
console.warn: services.settings: main/doh-providers Signature verified failed. Retry from scratch
console.error: services.settings: 
  main/doh-config Signature failed  InvalidSignatureError: Invalid content signature (main/doh-config)
console.error: services.settings: 
  main/doh-config local data was corrupted
console.warn: services.settings: main/doh-config Signature verified failed. Retry from scratch
console.log: WebExtensions: reset-default-search: starting.
console.log: WebExtensions: reset-default-search: No addons in our list are installed.
[Child 40128, MediaDecoderStateMachine #2] WARNING: 212ac837ba0 Could not set cubeb stream name.: file /builds/worker/checkouts/gecko/dom/media/AudioStream.cpp:367
[Child 40128, MediaDecoderStateMachine #2] WARNING: 212ac837ba0 Could not set cubeb stream name.: file /builds/worker/checkouts/gecko/dom/media/AudioStream.cpp:367
[Child 40128, MediaDecoderStateMachine #2] WARNING: 212ac837ba0 Could not set cubeb stream name.: file /builds/worker/checkouts/gecko/dom/media/AudioStream.cpp:367
[Child 40128, MediaDecoderStateMachine #2] WARNING: 212b0ed4d60 Could not set cubeb stream name.: file /builds/worker/checkouts/gecko/dom/media/AudioStream.cpp:367
[Child 40128, MediaDecoderStateMachine #2] WARNING: 212b0ed4820 Could not set cubeb stream name.: file /builds/worker/checkouts/gecko/dom/media/AudioStream.cpp:367
[Child 40128, MediaDecoderStateMachine #2] WARNING: 212b1946e40 Could not set cubeb stream name.: file /builds/worker/checkouts/gecko/dom/media/AudioStream.cpp:367
1627919102234	Marionette	INFO	Stopped listening on port 51371
4594	Marionette	WARN	TLS certificate errors will be ignored for this session
[Parent 19092, IPC I/O Parent] WARNING: pipe error: 232: file /builds/worker/checkouts/gecko/ipc/chromium/src/chrome/common/ipc_channel_win.cc:544
1627916776461	Marionette	INFO	Stopped listening on port 51819

###!!! [Child][RunMessage] Error: Channel closing: too late to send/recv, messages will be lost

1627916829509	geckodriver	INFO	Listening on 127.0.0.1:52007
1627916832538	mozrunner::runner	INFO	Running command: "C:\\Program Files\\Mozilla Firefox\\firefox.exe" "--marionette" "-foreground" "-no-remote" "-profile" "C:\\Users\\deuts\\AppData\\Local\\Temp\\rust_mozprofileHDJyUH"
1627916832804	Marionette	INFO	Marionette enabled
console.warn: SearchSettings: "get: No settings file exists, new profile?" (new NotFoundError("Could not open the file at C:\\Users\\deuts\\AppData\\Local\\Temp\\rust_mozprofileHDJyUH\\search.json.mozlz4", (void 0)))
1627916834712	Marionette	INFO	Listening on port 52016
1627916835227	Marionette	WARN	TLS certificate errors will be ignored for this session
1627916859552	Marionette	INFO	Stopped listening on port 52011627916860606	mozrunner::runner	INFO	Running command: "C:\\Program Files\\Mozilla Firefox\\firefox.exe" "--marionette" "-foreground" "-no-remote" "-profile" "C:\\Users\\deuts\\AppData\\Local\\Temp\\rust_mozprofileThOUua"
1627916860874	Marionette	INFO	Marionette enabled
console.warn: SearchSettings: "get: No settings file exists, new profile?" (new NotFoundError("Could not open the file at C:\\Users\\deuts\\AppData\\Local\\Temp\\rust_mozprofileThOUua\\search.json.mozlz4", (void 0)))
1627916862995	Marionette	INFO	Listening on port 52098
1627916863294	Marionette	WARN	TLS certificate errors will be ignored for this session

###!!! [Parent][MessageChannel] Error: (msgtype=0x670008,name=PMessagePort::Msg___delete__) Channel closing: too late to send/recv, messages will be lost

1627916907263	Marionette	INFO	Stopped listening on port 52098

###!!! [Child][RunMessage] Error: Channel closing: too late to send/recv, messages will be lost

1627916940891	geckodriver	INFO	Listening on 127.0.0.1:52269
1627916943918	mozrunner::runner	INFO	Running command: "C:\\Program Files\\Mozilla Firefox\\firefox.exe" "--marionette" "-foreground" "-no-remote" "-profile" "C:\\Users\\deuts\\AppData\\Local\\Temp\\rust_mozprofile8qT90w"
1627916944200	Marionette	INFO	Marionette enabled
console.warn: SearchSettings: "get: No settings file exists, new profile?" (new NotFoundError("Could not open the file at C:\\Users\\deuts\\AppData\\Local\\Temp\\rust_mozprofile8qT90w\\search.json.mozlz4", (void 0)))
1627916946073	Marionette	INFO	Listening on port 52279
1627916946106	Marionette	WARN	TLS certificate errors will be ignored for this session

###!!! [Parent][MessageChannel] Error: (msgtype=0x670008,name=PMessagePort::Msg___delete__) Channel closing: too late to send/recv, messages will be lost

console.error: services.settings: 
  main/doh-providers Signature failed  InvalidSignatureError: Invalid content signature (main/doh-providers)
console.error: services.settings: 
  main/doh-providers local data was corrupted
console.warn: services.settings: main/doh-providers Signature verified failed. Retry from scratch
console.error: services.settings: 
  main/doh-config Signature failed  InvalidSignatureError: Invalid content signature (main/doh-config)
console.error: services.settings: 
  main/doh-config local data was corrupted
console.warn: services.settings: main/doh-config Signature verified failed. Retry from scratch
console.log: WebExtensions: reset-default-search: starting.
console.log: WebExtensions: reset-default-search: No addons in our list are installed.
[Child 22088, MediaDecoderStateMachine #2] WARNING: 1a42bca3660 Could not set cubeb stream name.: file /builds/worker/checkouts/gecko/dom/media/AudioStream.cpp:367
[Child 22088, MediaDecoderStateMachine #2] WARNING: 1a42bca3660 Could not set cubeb stream name.: file /builds/worker/checkouts/gecko/dom/media/AudioStream.cpp:367
[Child 22088, MediaDecoderStateMachine #2] WARNING: 1a42bca3660 Could not set cubeb stream name.: file /builds/worker/checkouts/gecko/dom/media/AudioStream.cpp:367
[Child 22088, MediaDecoderStateMachine #2] WARNING: 1a42c030820 Could not set cubeb stream name.: file /builds/worker/checkouts/gecko/dom/media/AudioStream.cpp:367
[Child 22088, MediaDecoderStateMachine #2] WARNING: 1a42d1e2e40 Could not set cubeb stream name.: file /builds/worker/checkouts/gecko/dom/media/AudioStream.cpp:367
[Child 22088, MediaDecoderStateMachine #2] WARNING: 1a42d1e2740 Could not set cubeb stream name.: file /builds/worker/checkouts/gecko/dom/media/AudioStream.cpp:367
1627919101260	Marionette	INFO	Stopped listening on port 52279
b4a6d60 Could not set cubeb stream name.: file /builds/worker/checkouts/gecko/dom/media/AudioStream.cpp:367
[Child 38032, MediaDecoderStateMachine #2] WARNING: 2212cb402e0 Could not set cubeb stream name.: file /builds/worker/checkouts/gecko/dom/media/AudioStream.cpp:367
[Child 38032, MediaDecoderStateMachine #2] WARNING: 2211d8f0740 Could not set cubeb stream name.: file /builds/worker/checkouts/gecko/dom/media/AudioStream.cpp:367
[Child 38032, MediaDecoderStateMachine #2] WARNING: 2211cd84900 Could not set cubeb stream name.: file /builds/worker/checkouts/gecko/dom/media/AudioStream.cpp:367
1627919100454	Marionette	INFO	Stopped listening on port 51085

###!!! [Child][RunMessage] Error: Channel closing: too late to send/recv, messages will be lost

Machine #3] WARNING: 1f9a4d0cac0 Could not set cubeb stream name.: file /builds/worker/checkouts/gecko/dom/media/AudioStream.cpp:367
[Child 38996, MediaDecoderStateMachine #3] WARNING: 1f9a4d0cac0 Could not set cubeb stream name.: file /builds/worker/checkouts/gecko/dom/media/AudioStream.cpp:367
[Child 38996, MediaDecoderStateMachine #3] WARNING: 1f9a4d0cac0 Could not set cubeb stream name.: file /builds/worker/checkouts/gecko/dom/media/AudioStream.cpp:367
[Child 38996, MediaDecoderStateMachine #3] WARNING: 1f9a6ff3040 Could not set cubeb stream name.: file /builds/worker/checkouts/gecko/dom/media/AudioStream.cpp:367
[Child 38996, MediaDecoderStateMachine #3] WARNING: 1f9a73b1580 Could not set cubeb
###!!! [Parent][RunMessage] Error: Channel closing: too late to send/recv, messa[Child 38996, MediaD1627919098631	Marionette	INFO	Stopped listening on port 60708
 stream name.: file /builds/worker/checkouts/gecko/dom/media/AudioStream.cpp:367
1627919099551	Marionette	INFO	Stopped listening on port 49787

###!!! [Child][RunMessage] Error: Channel closing: too late to send/recv, messages will be lost

"--marionette" "-foreground" "-no-remote" "-profile" "C:\\Users\\deuts\\AppData\\Local\\Temp\\rust_mozprofilevk3ko4"
1627919015046	Marionette	INFO	Marionette enabled
console.warn: SearchSettings: "get: No settings file exists, new profile?" (new NotFoundError("Could not open the file at C:\\Users\\deuts\\AppData\\Local\\Temp\\rust_mozprofilevk3ko4\\search.json.mozlz4", (void 0)))
1627919017067	Marionette	INFO	Listening on port 52599

###!!! [Child][MessageChannel] Error: (msgtype=0x39009A,name=PContent::Msg_InitBackground) Channel closing: too late to send/recv, messages will be lost

1627919017448	Marionette	WARN	TLS certificate errors will be ignored for this session
[Parent 31756, IPC I/O Parent] WARNING: pipe error: 232: file /builds/worker/checkouts/gecko/ipc/chromium/src/chrome/common/ipc_channel_win.cc:544
[Parent 31756, IPC I/O Parent] WARNING: pipe error: 232: file /builds/worker/checkouts/gecko/ipc/chromium/src/chrome/common/ipc_channel_win.cc:544
1627919261307	Marionette	INFO	Stopped listening on port 52599

###!!! [Child][RunMessage] Error: Channel closing: too late to send/recv, messages will be lost

1627919315698	geckodriver	INFO	Listening on 127.0.0.1:53983
1627919318735	mozrunner::runner	INFO	Running command: "C:\\Program Files\\Mozilla Firefox\\firefox.exe" "--marionette" "-foreground" "-no-remote" "-profile" "C:\\Users\\deuts\\AppData\\Local\\Temp\\rust_mozprofileNJqxY4"
1627919319022	Marionette	INFO	Marionette enabled
console.warn: SearchSettings: "get: No settings file exists, new profile?" (new NotFoundError("Could not open the file at C:\\Users\\deuts\\AppData\\Local\\Temp\\rust_mozprofileNJqxY4\\search.json.mozlz4", (void 0)))
1627919320914	Marionette	INFO	Listening on port 53993
1627919321417	Marionette	WARN	TLS certificate errors will be ignored for this session
console.error: services.settings: 
  main/doh-providers Signature failed  InvalidSignatureError: Invalid content signature (main/doh-providers)
console.error: services.settings: 
  main/doh-providers local data was corrupted
console.warn: services.settings: main/doh-providers Signature verified failed. Retry from scratch
console.error: services.settings: 
  main/doh-config Signature failed  InvalidSignatureError: Invalid content signature (main/doh-config)
console.error: services.settings: 
  main/doh-config local data was corrupted
console.warn: services.settings: main/doh-config Signature verified failed. Retry from scratch
console.error: (new Error("SessionFile is closeconsole.error: services.settings: 
  main/doh-providers Signature failed  InvalidSignatureError: Invalid content signature (main/doh-providers)
console.error: services.settings: 
  main/doh-providers local data was corrupted
console.warn: services.settings: main/doh-providers Signature verified failed. Retry from scratch
console.error: services.settings: 
  main/doh-config Signature failed  InvalidSignatureError: Invalid content signature (main/doh-config)
console.error: services.settings: 
  main/doh-config local data was corrupted
console.warn: services.settings: main/doh-config Signature verified failed. Retry from scratch
console.log: WebExtensions: reset-default-search: starting.
console.log: WebExtensions: reset-default-search: No addons in our list are installed.
console.error: (new Error("SessionFile is closed", "resource:///modules/sessionstore/SessionFile.jsm", 433))
WARNING: At least one completion condition is taking too long to complete. Conditions: [{"name":"ContentParent: id=25386578000","state":{"remoteTypePrefix":"web"},"filename":"/builds/worker/checkouts/gecko/dom/ipc/ContentParent.cpp","lineNumber":3526,"stack":["resource://gre/modules/nsAsyncShutdown.jsm:addBlocker:162","chrome://global/content/elements/browser-custom-element.js:get loadContext:388","chrome://global/content/elements/browser-custom-element.js:construct:1025","chrome://global/content/elements/browser-custom-element.js:connectedCallback:326","chrome://browser/content/tabbrowser.js:_setupInitialBrowserAndTab:414","chrome://browser/content/tabbrowser.js:init:50","chrome://browser/content/browser.js:onDOMContentLoaded:1720"]}] Barrier: profile-before-change
JavaScript error: resource:///modules/sessionstore/SessionStore.jsm, line 2123: TypeError: subject.QueryInterface is not a function

###!!! [Parent][MessageChannel] Error: (msgtype=0xA00001,name=PVsync::Msg_Notify) Channel error: cannot send/recv


###!!! [Parent][MessageChannel] Error: (msgtype=0xA00001,name=PVsync::Msg_Notify) Channel error: cannot send/recv


###!!! [Parent][MessageChannel] Error: (msgtype=0xA00001,name=PVsync::Msg_Notify) Channel error: cannot send/recv


###!!! [Parent][MessageChannel] Error: (msgtype=0xA00001,name=PVsync::Msg_Notify) Channel error: cannot send/recv


###!!! [Parent][MessageChannel] Error: (msgtype=0xA00001,name=PVsync::Msg_Notify) Channel error: cannot send/recv


###!!! [Parent][MessageChannel] Error: (msgtype=0xA00001,name=PVsync::Msg_Notify) Channel error: cannot send/recv


###!!! [Parent][MessageChannel] Error: (msgtype=0xA00001,name=PVsync::Msg_Notify) Channel error: cannot send/recv


###!!! [Parent][MessageChannel] Error: (msgtype=0xA00001,name=PVsync::Msg_Notify) Channel error: cannot send/recv


###!!! [Parent][MessageChannel] Error: (msgtype=0xA00001,name=PVsync::Msg_Notify) Channel error: cannot send/recv


###!!! [Parent][MessageChannel] Error: (msgtype=0xA00001,name=PVsync::Msg_Notify) Channel error: cannot send/recv

A content process crashed and MOZ_CRASHREPORTER_SHUTDOWN is set, shutting down
1627920521489	Marionette	INFO	Stopped listening on port 52936

###!!! [Child][RunMessage] Error: Channel closing: too late to send/recv, messages will be lost

re verified failed. Retry from scratch
console.log: WebExtensions: reset-default-search: starting.
console.log: WebExtensions: reset-default-search: No addons in our list are installed.
JavaScript error: , line 0: TypeError: NetworkError when attempting to fetch resource.
JavaScript error: , line 0: TypeError: NetworkError when attempting to fetch resource.
JavaScript error: , line 0: TypeError: NetworkError when attempting to fetch resource.
1627920485339	Marionette	INFO	Stopped listening on port 51576
ta\\Local\\Temp\\rust_mozprofileSQ50p8\\search.json.mozlz4", (void 0)))
1627920276451	Marionette	INFO	Listening on port 50052
1627920276553	Marionette	WARN	TLS certificate errors will be ignored for this session

###!!! [Parent][MessageChannel] Error: (msgtype=0x670008,name=PMessagePort::Msg___delete__) Channel closing: too late to send/recv, messages will be lost

[Parent 27824, IPC I/O Parent] WARNING: file /builds/worker/checkouts/gecko/ipc/chromium/src/base/process_util_win.cc:167
1627920473692	Marionette	INFO	Stopped listening on port 50052

###!!! [Child][RunMessage] Error: Channel closing: too late to send/recv, messages will be lost

0329132	Marionette	INFO	Marionette enabled
console.warn: SearchSettings: "get: No settings file exists, new profile?" (new NotFoundError("Could not open the file at C:\\Users\\deuts\\AppData\\Local\\Temp\\rust_mozprofilegxdutP\\search.json.mozlz4", (void 0)))
1627920331319	Marionette	INFO	Listening on port 55844
1627920331501	Marionette	WARN	TLS certificate errors will be ignored for this session
console.error: (new Error("SessionFile is closed", "resource:///modules/sessionstore/SessionFile.jsm", 433))
WARNING: At least one completion condition is taking too long to complete. Conditions: [{"name":"ContentParent: id=12d9d21f000","state":{"remoteTypePrefix":"web"},"filename":"/builds/worker/checkouts/gecko/dom/ipc/ContentParent.cpp","lineNumber":3526,"stack":["resource://gre/modules/nsAsyncShutdown.jsm:addBlocker:162","chrome://global/content/elements/browser-custom-element.js:get loadContext:388","chrome://global/content/elements/browser-custom-element.js:construct:1025","chrome://global/content/elements/browser-custom-element.js:connectedCallback:326","chrome://browser/con1627920523561	Marionette	INFO	Stopped listening on port 56006

###!!! [Child][RunMessage] Error: Channel closing: too late to send/recv, messages will be lost

 Barrier: profile-before-change
JavaScript error: resource:///modules/sessionstore/SessionStore.jsm, line 2123: TypeError: subject.QueryInterface is not a function
A content process crashed and MOZ_CRASHREPORTER_SHUTDOWN is set, shutting down
1627920508862	Marionette	INFO	Stopped listening on port 55844
1627920606296	geckodriver	INFO	Listening on 127.0.0.1:55193
1627920609315	mozrunner::runner	INFO	Running command: "C:\\Program Files\\Mozilla Firefox\\firefox.exe" "--marionette" "-foreground" "-no-remote" "-profile" "C:\\Users\\deuts\\AppData\\Local\\Temp\\rust_mozprofileGxxJHh"
1627920609734	Marionette	INFO	Marionette enabled
console.warn: SearchSettings: "get: No settings file exists, new profile?" (new NotFoundError("Could not open the file at C:\\Users\\deuts\\AppData\\Local\\Temp\\rust_mozprofileGxxJHh\\search.json.mozlz4", (void 0)))
1627920611742	Marionette	INFO	Listening on port 55204
1627920611997	Marionette	WARN	TLS certificate errors will be ignored for this session
JavaScript error: resource://gre/modules/AsyncShutdown.jsm, line 575: NotFoundError: No such JSWindowActor 'MarionetteEvents'
JavaScript error: resource://gre/modules/AsyncShutdown.jsm, line 575: NotFoundError: No such JSWindowActor 'MarionetteEvents'
JavaScript error: resource://gre/modules/AsyncShutdown.jsm, line 575: NotFoundError: No such JSWindowActor 'MarionetteEvents'
JavaScript error: resource://gre/modules/AsyncShutdown.jsm, line 575: NotFoundError: No such JSWindowActor 'MarionetteEvents'
JavaScript error: resource://gre/modules/AsyncShutdown.jsm, line 575: NotFoundError: No such JSWindowActor 'MarionetteEvents'
JavaScript error: resource://gre/modules/AsyncShutdown.jsm, line 575: NotFoundError: No such JSWindowActor 'MarionetteEvents'
[Parent 40324, IPC I/O Parent] WARNING: pipe error: 232: file /builds/worker/checkouts/gecko/ipc/chromium/src/chrome/common/ipc_channel_win.cc:544

###!!! [Child][MessageChannel] Error: (msgtype=0x23002E,name=PBrowser::Msg___delete__) Channel closing: too late to send/recv, messages will be lost


###!!! [Parent][MessageChannel] Error: (msgtype=0x390079,name=PContent::Msg_DestroyBrowsingContextGroup) Closed channel: cannot send/recv

1627920654877	Marionette	INFO	Stopped listening on port 55204

###!!! [Child][RunMessage] Error: Channel closing: too late to send/recv, messages will be lost

1627920668020	geckodriver	INFO	Listening on 127.0.0.1:55344
1627920671044	mozrunner::runner	INFO	Running command: "C:\\Program Files\\Mozilla Firefox\\firefox.exe" "--marionette" "-foreground" "-no-remote" "-profile" "C:\\Users\\deuts\\AppData\\Local\\Temp\\rust_mozprofilebBJzk4"
1627920671330	Marionette	INFO	Marionette enabled
console.warn: SearchSettings: "get: No settings file exists, new profile?" (new NotFoundError("Could not open the file at C:\\Users\\deuts\\AppData\\Local\\Temp\\rust_mozprofilebBJzk4\\search.json.mozlz4", (void 0)))
1627920673226	Marionette	INFO	Listening on port 55355
1627920673711	Marionette	WARN	TLS certificate errors will be ignored for this session

###!!! [Parent][MessageChannel] Error: (msgtype=0x670008,name=PMessagePort::Msg___delete__) Channel closing: too late to send/recv, messages will be lost

JavaScript error: , line 0: NotFoundError: No such JSWindowActor 'MarionetteCommands'
1627920830136	Marionette	INFO	Stopped listening on port 55355
1627920845086	geckodriver	INFO	Listening on 127.0.0.1:51296
1627920848124	mozrunner::runner	INFO	Running command: "C:\\Program Files\\Mozilla Firefox\\firefox.exe" "--marionette" "-foreground" "-no-remote" "-profile" "C:\\Users\\deuts\\AppData\\Local\\Temp\\rust_mozprofileVgsbZs"
1627920848455	Marionette	INFO	Marionette enabled
console.warn: SearchSettings: "get: No settings file exists, new profile?" (new NotFoundError("Could not open the file at C:\\Users\\deuts\\AppData\\Local\\Temp\\rust_mozprofileVgsbZs\\search.json.mozlz4", (void 0)))
1627920850345	Marionette	INFO	Listening on port 51305
1627920850803	Marionette	WARN	TLS certificate errors will be ignored for this session
console.error: (new Error("SessionFile is closed", "resource:///modules/sessionstore/SessionFile.jsm", 433))
WARNING: At least one completion condition is taking too long to complete. Conditions: [{"name":"ContentParent: id=22355824800","state":{"remoteTypePrefix":"web"},"filename":"/builds/worker/checkouts/gecko/dom/ipc/ContentParent.cpp","lineNumber":3526,"stack":["resource://gre/modul1627920932143	Marionette	INFO	Marionette enabled
console.warn: SearchSettings: "get: No settings file exists, new profile?" (new NotFoundError("Could not open the file at C:\\Users\\deuts\\AppData\\Local\\Temp\\rust_mozprofileD5s2x9\\search.json.mozlz4", (void 0)))
1627920934307	Marionette	INFO	Listening on port 64573

###!!! [Child][MessageChannel] Error: (msgtype=0x39009A,name=PContent::Msg_InitBackground) Channel closing: too late to send/recv, messages will be lost

1627920934483	MaJavaScript error: resource:///modules/sessionstore/SessionStore.jsm, liJavaScript error: https://vk.com/al_im.php?__query=im&_full_page=true&_ref=left_nav&_rndVer=89859&al=-1&al_id=497677293, line 12: TypeError: parent is null
console.error: (new Error("SessionFile is closed", "resource:///modules/sessionstore/SessionFile.jsm", 433))
WARNING: At least one completion condition is taking too long to complete. Conditions: [{"name":"ContentParent: id=26c97420800","state":{"remoteTypePrefix":"web"},"filename":"/builds/worker/checkouts/gecko/dom/ipc/ContentParent.cpp","lineNumber":3526,"stack":["resource://gre/modules/nsAsyncShutdown.jsm:addBlocker:162","chrome://gconsole.warn: SearchSettings: "get: No settings file exists, new profile?" (new NotFoundError("Could not open the file at C:\\Users\\deuts\\AppData\\Local\\Temp\\rust_mozprofilesxakag\\search.json.mozlz4", (void 0)))
1627921004141	Marionette	INFO	Listening on port 64767
1627921004566	Marionette	WARN	TLS certificate errors will be ignored for this session
*** UTM:SVC TimerManager:registerTimer called after profile-before-change notification. Ignoring timer registration for id: telemetry_modules_ping
*** UTM:SVC TimerManager:registerTimer called after profile-before-change notification. Ignoring timer registration for id: telemetry_untrustedmodules_ping
console.error: (new Error("SessionFile is closed", "resource:///modules/sessionstore/SessionFile.jsm", 433))
WARNING: At least one completion condition is taking too long to complete. Conditions: [{"name":"ContentParent: id=19dee291800","state":{"remoteTypePrefix":"web"},"filename":"/builds/worker/checkouts/gecko/dom/ipc/ContentParent.cpp","lineNumber":3526,"stack":["resource://gre/modules/nsAsyncShutdown.jsm:addBlocker:162","chrome://global/content/elements/browser-custom-element.js:get loadContext:388","chrome://global/content/elements/browser-custom-element.js:construct:1025","chrome://global/content/elements/browser-custom-element.js:connectedCallback:326","chrome://browser/content/tabbrowser.js:_setupInitialBrowserAndTab:414","chrome://browser/content/tabbrowser.js:init:50","chrome://browser/content/browser.js:onDOMContentLoaded:1720"]}] Barrier: profile-before-change
JavaScript error: resource:///modules/sessionstore/SessionStore.jsm, line 2123: TypeError: subject.QueryInterface is not a function
A content process crashed and MOZ_CRASHREPORTER_SHUTDOWN is set, shutting down
1627921080800	Marionette	INFO	Stopped listening on port 64767

###!!! [Child][RunMessage] Error: Channel closing: too late to send/recv, messages will be lost

1627921130629	geckodriver	INFO	Listening on 127.0.0.1:58150
1627921133659	mozrunner::runner	INFO	Running command: "C:\\Program Files\\Mozilla Firefox\\firefox.exe" "--marionette" "-foreground" "-no-remote" "-profile" "C:\\Users\\deuts\\AppData\\Local\\Temp\\rust_mozprofileqsIeDg"
1627921133968	Marionette	INFO	Marionette enabled
console.warn: SearchSettings: "get: No settings file exists, new profile?" (new NotFoundError("Could not open the file at C:\\Users\\deuts\\AppData\\Local\\Temp\\rust_mozprofileqsIeDg\\search.json.mozlz4", (void 0)))
1627921135818	Marionette	INFO	Listening on port 58161
1627921135854	Marionette	WARN	TLS certificate errors will be ignored for this session

###!!! [Parent][RunMessage] Error: Channel closing: too late to send/recv, messages will be lost


###!!! [Parent][RunMessage] Error: Channel closing: too late to send/recv, messages will be lost

1627921193387	geckodriver	INFO	Listening on 127.0.0.1:53679
1627921196410	mozrunner::runner	INFO	Running command: "C:\\Program Files\\Mozilla Firefox\\firefox.exe" "--marionette" "-foreground" "-no-remote" "-profile" "C:\\Users\\deuts\\AppData\\Local\\Temp\\rust_mozprofileFmVwK7"
1627921196687	Marionette	INFO	Marionette enabled
console.warn: SearchSettings: "get: No settings file exists, new profile?" (new NotFoundError("Could not open the file at C:\\Users\\deuts\\AppData\\Local\\Temp\\rust_mozprofileFmVwK7\\search.json.mozlz4", (void 0)))
1627921198770	Marionette	INFO	Listening on port 53692

###!!! [Child][MessageChannel] Error: (msgtype=0x39009A,name=PContent::Msg_InitBackground) Channel closing: too late to send/recv, messages will be lost

1627921199096	Marionette	WARN	TLS certificate errors will be ignored for this session
JavaScript error: resource://gre/modules/AsyncShutdown.jsm, line 575: NotFoundError: No such JSWindowActor 'MarionetteEvents'
JavaScript error: resource://gre/modules/AsyncShutdown.jsm, line 575: NotFoundError: No such JSWindowActor 'MarionetteEvents'
JavaScript error: resource://gre/modules/AsyncShutdown.jsm, line 575: NotFoundError: No such JSWindowActor 'MarionetteEvents'

###!!! [Parent][MessageChannel] Error: (msgtype=0x390079,name=PContent::Msg_DestroyBrowsingContextGroup) Closed channel: cannot send/recv

1627921230096	Marionette	INFO	Stopped listening on port 53692

###!!! [Child][RunMessage] Error: Channel closing: too late to send/recv, messages will be lost

1627921248502	geckodriver	INFO	Listening on 127.0.0.1:55729
1627921251536	mozrunner::runner	INFO	Running command: "C:\\Program Files\\Mozilla Firefox\\firefox.exe" "--marionette" "-foreground" "-no-remote" "-profile" "C:\\Users\\deuts\\AppData\\Local\\Temp\\rust_mozprofilePQtHWs"
1627921251808	Marionette	INFO	Marionette enabled
console.warn: SearchSettings: "get: No settings file exists, new profile?" (new NotFoundError("Could not open the file at C:\\Users\\deuts\\AppData\\Local\\Temp\\rust_mozprofilePQtHWs\\search.json.mozlz4", (void 0)))
1627921253767	Marionette	INFO	Listening on port 55742
1627921254224	Marionette	WARN	TLS certificate errors will be ignored for this session
JavaScript error: https://vk.com/al_im.php?__query=im&_full_page=true&_ref=left_nav&_rndVer=71545&al=-1&al_id=497677293, line 12: TypeError: parent is null
JavaScript error: resource://gre/modules/AsyncShutdown.jsm, line 575: NotFoundError: No such JSWindowActor 'MarionetteEvents'
JavaScript error: resource://gre/modules/AsyncShutdown.jsm, line 575: NotFoundError: No such JSWindowActor 'MarionetteEvents'
JavaScript error: resource://gre/modules/AsyncShutdown.jsm, line 575: NotFoundError: No such JSWindowActor 'MarionetteEvents'
JavaScript error: resource://gre/modules/AsyncShutdown.jsm, line 575: NotFoundError: No such JSWindowActor 'MarionetteEvents'
JavaScript error: resource://gre/modules/AsyncShutdown.jsm, line 575: NotFoundError: No such JSWindowActor 'MarionetteEvents'
JavaScript error: resource://gre/modules/AsyncShutdown.jsm, line 575: NotFoundError: No such JSWindowActor 'MarionetteEvents'

###!!! [Parent][MessageChannel] Error: (msgtype=0x390079,name=PContent::Msg_DestroyBrowsingContextGroup) Closed channel: cannot send/recv

1627921302754	Marionette	INFO	Stopped listening on port 55742
